<?xml version="1.0" encoding="UTF-8"?>
<!-- Generated by org.testng.reporters.JUnitReportReporter -->
<testsuite hostname="DESKTOP-1Q2HL88" failures="0" tests="1" name="com.san.actitime.tasks.CreateCustomer" time="41.390" errors="0" timestamp="2024-04-23T23:21:27 IST" skipped="0">
  <testcase classname="com.san.actitime.tasks.CreateCustomer" name="testcreatecustomer" time="41.390"/>
  <system-out/>
</testsuite> <!-- com.san.actitime.tasks.CreateCustomer -->
