<?xml version="1.0" encoding="UTF-8"?>
<!-- Generated by org.testng.reporters.JUnitReportReporter -->
<testsuite hostname="DESKTOP-1Q2HL88" failures="0" tests="1" name="com.san.actitime.tasks.DeleteCustomer" time="42.950" errors="0" timestamp="2024-04-23T23:21:28 IST" skipped="0">
  <testcase classname="com.san.actitime.tasks.DeleteCustomer" name="testdeletecustomer" time="42.950"/>
  <system-out/>
</testsuite> <!-- com.san.actitime.tasks.DeleteCustomer -->
