<?xml version="1.0" encoding="UTF-8"?>
<!-- Generated by org.testng.reporters.JUnitReportReporter -->
<testsuite hostname="DESKTOP-1Q2HL88" failures="0" tests="1" name="com.san.actitime.users.CreateUser" time="6.098" errors="0" timestamp="2024-04-20T18:18:36 IST" skipped="0">
  <testcase classname="com.san.actitime.users.CreateUser" name="testcreateuser" time="6.098"/>
  <system-out/>
</testsuite> <!-- com.san.actitime.users.CreateUser -->
